[2025-03-30T20:54:07.228Z] Watchdog started. Monitoring bot...
[2025-03-30T20:54:07.248Z] Bot is already running.
[2025-03-30T20:57:01.448Z] Watchdog started. Monitoring bot...
[2025-03-30T20:57:01.488Z] Bot is already running.
[2025-03-30T20:57:13.765Z] Watchdog started. Monitoring bot...
[2025-03-30T20:57:13.861Z] Bot is already running.
[2025-03-30T20:59:26.606Z] Watchdog started. Monitoring bot...
[2025-03-30T20:59:26.651Z] Bot is already running.
[2025-03-30T21:28:05.318Z] Watchdog started. Monitoring bot...
[2025-03-30T21:28:05.361Z] Bot is already running.
[2025-03-30T21:30:55.621Z] Watchdog started. Monitoring bot...
[2025-03-30T21:30:55.658Z] Bot is already running.
[2025-03-30T21:51:41.629Z] Watchdog started. Monitoring bot...
[2025-03-30T21:51:41.826Z] Bot not running on startup. Starting it...
[2025-03-30T21:51:41.827Z] Attempting to start bot (attempt 1/10)...
[2025-03-30T21:51:43.944Z] Bot started successfully.
[2025-03-30T21:52:13.983Z] Bot is now running and responding.
[2025-03-30T21:52:26.001Z] Watchdog started. Monitoring bot...
[2025-03-30T21:52:26.035Z] Could not connect to bot status on port 8080, trying port 5000...
[2025-03-30T21:52:26.041Z] Bot is already running.
[2025-03-30T21:53:23.182Z] Watchdog started. Monitoring bot...
[2025-03-30T21:53:23.561Z] Could not connect to bot status on port 8080, trying port 5000...
[2025-03-30T21:53:23.573Z] Bot is already running.
